[Thu Aug 29 00:05:47 2019] INFO: Opened log file Urho3D.log
[Thu Aug 29 00:05:47 2019] INFO: Created 1 worker thread
[Thu Aug 29 00:05:47 2019] INFO: Added resource path /home/t/workspace/tmp/0000urhoextras/build/bin/Data/
[Thu Aug 29 00:05:47 2019] INFO: Added resource path /home/t/workspace/tmp/0000urhoextras/build/bin/CoreData/
[Thu Aug 29 00:05:47 2019] INFO: Set screen mode 1000x700 windowed monitor 0
[Thu Aug 29 00:05:47 2019] INFO: Initialized input
[Thu Aug 29 00:05:47 2019] INFO: Initialized user interface
[Thu Aug 29 00:05:47 2019] DEBUG: Loading resource Textures/Ramp.png
[Thu Aug 29 00:05:47 2019] DEBUG: Loading temporary resource Textures/Ramp.xml
[Thu Aug 29 00:05:47 2019] DEBUG: Loading resource Textures/Spot.png
[Thu Aug 29 00:05:47 2019] DEBUG: Loading temporary resource Textures/Spot.xml
[Thu Aug 29 00:05:47 2019] DEBUG: Loading resource Techniques/NoTexture.xml
[Thu Aug 29 00:05:47 2019] DEBUG: Loading resource RenderPaths/Forward.xml
[Thu Aug 29 00:05:47 2019] INFO: Initialized renderer
[Thu Aug 29 00:05:47 2019] INFO: Set audio mode 44100 Hz stereo interpolated
[Thu Aug 29 00:05:47 2019] INFO: Initialized engine
[Thu Aug 29 00:05:47 2019] DEBUG: Loading resource Models/Box.mdl
[Thu Aug 29 00:05:47 2019] DEBUG: Loading resource Materials/Skybox.xml
[Thu Aug 29 00:05:47 2019] DEBUG: Loading resource Techniques/DiffSkybox.xml
[Thu Aug 29 00:05:47 2019] DEBUG: Loading resource Textures/Skybox.xml
[Thu Aug 29 00:05:47 2019] DEBUG: Loading temporary resource Textures/BrightDay1_PosX.dds
[Thu Aug 29 00:05:47 2019] DEBUG: Loading temporary resource Textures/BrightDay1_NegX.dds
[Thu Aug 29 00:05:47 2019] DEBUG: Loading temporary resource Textures/BrightDay1_PosY.dds
[Thu Aug 29 00:05:47 2019] DEBUG: Loading temporary resource Textures/BrightDay1_NegY.dds
[Thu Aug 29 00:05:48 2019] DEBUG: Loading temporary resource Textures/BrightDay1_PosZ.dds
[Thu Aug 29 00:05:48 2019] DEBUG: Loading temporary resource Textures/BrightDay1_NegZ.dds
[Thu Aug 29 00:05:48 2019] DEBUG: Loading resource Materials/Stone.xml
[Thu Aug 29 00:05:48 2019] DEBUG: Loading resource Techniques/DiffNormal.xml
[Thu Aug 29 00:05:48 2019] DEBUG: Loading resource Techniques/Diff.xml
[Thu Aug 29 00:05:48 2019] DEBUG: Loading resource Textures/StoneDiffuse.dds
[Thu Aug 29 00:05:48 2019] DEBUG: Loading resource Textures/StoneNormal.dds
[Thu Aug 29 00:05:48 2019] DEBUG: Window was moved to 461,215
[Thu Aug 29 00:05:48 2019] DEBUG: Reloading shaders
[Thu Aug 29 00:05:48 2019] DEBUG: Loading resource Shaders/GLSL/Skybox.glsl
[Thu Aug 29 00:05:48 2019] DEBUG: Loading resource Shaders/GLSL/LitSolid.glsl
[Thu Aug 29 00:05:48 2019] DEBUG: Compiled vertex shader LitSolid()
[Thu Aug 29 00:05:48 2019] DEBUG: Compiled pixel shader LitSolid(DIFFMAP PACKEDNORMAL)
[Thu Aug 29 00:05:48 2019] DEBUG: Linked vertex shader LitSolid() and pixel shader LitSolid(DIFFMAP PACKEDNORMAL)
[Thu Aug 29 00:05:48 2019] DEBUG: Compiled vertex shader Skybox()
[Thu Aug 29 00:05:48 2019] DEBUG: Compiled pixel shader Skybox()
[Thu Aug 29 00:05:48 2019] DEBUG: Linked vertex shader Skybox() and pixel shader Skybox()
